<?xml version="1.0" encoding="UTF-8"?>
<!-- Generated by org.testng.reporters.JUnitXMLReporter -->
<testsuite hostname="EQPLSTDP10021" name="PlanIT_Tests" tests="4" failures="2" timestamp="23 May 2021 13:02:19 GMT" time="78.814" errors="0">
  <testcase name="mandatoryfieldserror" time="15.497" classname="planIT.tests.JupiterTests">
    <failure type="java.lang.AssertionError" message="expected [true] but found [false]">
      <![CDATA[java.lang.AssertionError: expected [true] but found [false]
	at planIT.pages.JupiterPages.validatecontact(JupiterPages.java:128)
	at planIT.tests.JupiterTests.mandatoryfieldserror(JupiterTests.java:58)
... Removed 28 stack frames]]>
    </failure>
  </testcase> <!-- mandatoryfieldserror -->
  <testcase name="successsubmission" time="10.21" classname="planIT.tests.JupiterTests"/>
  <testcase name="invaliddatavalidation" time="4.197" classname="planIT.tests.JupiterTests"/>
  <testcase name="cartvalidation" time="37.825" classname="planIT.tests.JupiterTests">
    <failure type="java.lang.AssertionError" message="expected [true] but found [false]">
      <![CDATA[java.lang.AssertionError: expected [true] but found [false]
	at planIT.pages.JupiterPages.validatecart(JupiterPages.java:198)
	at planIT.tests.JupiterTests.cartvalidation(JupiterTests.java:128)
... Removed 28 stack frames]]>
    </failure>
  </testcase> <!-- cartvalidation -->
</testsuite> <!-- PlanIT_Tests -->
