<!DOCTYPE html PUBLIC "-//W3C//DTD XHTML 1.1//EN" "http://www.w3.org/TR/xhtml11/DTD/xhtml11.dtd">
<html xmlns="http://www.w3.org/1999/xhtml"><head><title>TestNG Report</title><style type="text/css">table {margin-bottom:10px;border-collapse:collapse;empty-cells:show}th,td {border:1px solid #009;padding:.25em .5em}th {vertical-align:bottom}td {vertical-align:top}table a {font-weight:bold}.stripe td {background-color: #E6EBF9}.num {text-align:right}.passedodd td {background-color: #3F3}.passedeven td {background-color: #0A0}.skippedodd td {background-color: #DDD}.skippedeven td {background-color: #CCC}.failedodd td,.attn {background-color: #F33}.failedeven td,.stripe .attn {background-color: #D00}.stacktrace {white-space:pre;font-family:monospace}.totop {font-size:85%;text-align:center;border-bottom:2px solid #000}</style></head><body><table><tr><th>Test</th><th># Passed</th><th># Skipped</th><th># Failed</th><th>Time (ms)</th><th>Included Groups</th><th>Excluded Groups</th></tr><tr><th colspan="7">planIT_TestSuite</th></tr><tr><td><a href="#t0">PlanIT_Tests</a></td><td class="num">3</td><td class="num">0</td><td class="num attn">1</td><td class="num">48,068</td><td></td><td></td></tr></table><table><thead><tr><th>Class</th><th>Method</th><th>Start</th><th>Time (ms)</th></tr></thead><tbody><tr><th colspan="4">planIT_TestSuite</th></tr></tbody><tbody id="t0"><tr><th colspan="4">PlanIT_Tests &#8212; failed (configuration methods)</th></tr><tr class="failedeven"><td rowspan="1">planIT.tests.JupiterTests</td><td><a href="#m0">tearDown</a></td><td rowspan="1">1621775720324</td><td rowspan="1">0</td></tr><tr><th colspan="4">PlanIT_Tests &#8212; failed</th></tr><tr class="failedeven"><td rowspan="1">planIT.tests.JupiterTests</td><td><a href="#m1">cartvalidation</a></td><td rowspan="1">1621775709136</td><td rowspan="1">11179</td></tr><tr><th colspan="4">PlanIT_Tests &#8212; passed</th></tr><tr class="passedeven"><td rowspan="3">planIT.tests.JupiterTests</td><td><a href="#m2">invaliddatavalidation</a></td><td rowspan="1">1621775708863</td><td rowspan="1">169</td></tr><tr class="passedeven"><td><a href="#m3">mandatoryfieldserror</a></td><td rowspan="1">1621775685464</td><td rowspan="1">17982</td></tr><tr class="passedeven"><td><a href="#m4">successsubmission</a></td><td rowspan="1">1621775704421</td><td rowspan="1">3984</td></tr></tbody></table><h2>PlanIT_Tests</h2><h3 id="m0">planIT.tests.JupiterTests#tearDown</h3><table class="result"><tr><th>Exception</th></tr><tr><td><div class="stacktrace">org.openqa.selenium.WebDriverException: chrome not reachable
  (Session info: chrome=89.0.4389.90)
  (Driver info: chromedriver=2.38.552522 (437e6fbedfa8762dec75e2c5b3ddb86763dc9dcb),platform=Windows NT 10.0.18363 x86_64) (WARNING: The server did not provide any stacktrace information)
Command duration or timeout: 4.01 seconds
Build info: version: &apos;2.53.0&apos;, revision: &apos;35ae25b&apos;, time: &apos;2016-03-15 16:57:40&apos;
System info: host: &apos;EQPLSTDP10021&apos;, ip: &apos;10.116.52.34&apos;, os.name: &apos;Windows 10&apos;, os.arch: &apos;amd64&apos;, os.version: &apos;10.0&apos;, java.version: &apos;1.8.0_241&apos;
Driver info: org.openqa.selenium.chrome.ChromeDriver
Capabilities [{applicationCacheEnabled=false, rotatable=false, mobileEmulationEnabled=false, networkConnectionEnabled=false, chrome={chromedriverVersion=2.38.552522 (437e6fbedfa8762dec75e2c5b3ddb86763dc9dcb), userDataDir=C:\Users\xhhs7\AppData\Local\Temp\scoped_dir13604_869}, takesHeapSnapshot=true, pageLoadStrategy=normal, databaseEnabled=false, handlesAlerts=true, hasTouchScreen=false, version=89.0.4389.90, platform=XP, browserConnectionEnabled=false, nativeEvents=true, acceptSslCerts=false, acceptInsecureCerts=false, locationContextEnabled=true, webStorageEnabled=true, browserName=chrome, takesScreenshot=true, javascriptEnabled=true, cssSelectorsEnabled=true, setWindowRect=true, unexpectedAlertBehaviour=}]
Session ID: 28b5cd79a85f6c833af379e2a08d384a
	at org.openqa.selenium.remote.ErrorHandler.createThrowable(ErrorHandler.java:206)
	at org.openqa.selenium.remote.ErrorHandler.throwIfResponseFailed(ErrorHandler.java:158)
	at org.openqa.selenium.remote.RemoteWebDriver.execute(RemoteWebDriver.java:678)
	at org.openqa.selenium.remote.RemoteWebDriver.execute(RemoteWebDriver.java:701)
	at org.openqa.selenium.remote.RemoteWebDriver.close(RemoteWebDriver.java:521)
	at planITutils.utils.TestBase.closeDriver(TestBase.java:106)
	at planIT.tests.JupiterTests.tearDown(JupiterTests.java:180)
... Removed 28 stack frames</div></td></tr></table><p class="totop"><a href="#summary">back to summary</a></p><h3 id="m1">planIT.tests.JupiterTests#cartvalidation</h3><table class="result"><tr><th>Messages</th></tr><tr><td><div class="messages">Running fourth @test to check success submission<br/>Navigating to the shop Menu<br/>Adding items to the cart<br/>Validating items in the cart</div></td></tr><tr><th>Exception</th></tr><tr><td><div class="stacktrace">java.lang.AssertionError: expected [true] but found [false]
	at planIT.pages.JupiterPages.validatecart(JupiterPages.java:198)
	at planIT.tests.JupiterTests.cartvalidation(JupiterTests.java:128)
... Removed 28 stack frames</div></td></tr></table><p class="totop"><a href="#summary">back to summary</a></p><h3 id="m2">planIT.tests.JupiterTests#invaliddatavalidation</h3><table class="result"><tr><th>Messages</th></tr><tr><td><div class="messages">Running third @test to check invalid field details<br/>Navigating to the Contact Menu<br/>Invalid details to validate the Error messages</div></td></tr></table><p class="totop"><a href="#summary">back to summary</a></p><h3 id="m3">planIT.tests.JupiterTests#mandatoryfieldserror</h3><table class="result"><tr><th>Messages</th></tr><tr><td><div class="messages">Running First @test to check mandatory fields<br/>Navigating to the Contact Menu<br/>Incorrect details to validate the Error messages<br/>Correct details to validate No Error messages displayed</div></td></tr></table><p class="totop"><a href="#summary">back to summary</a></p><h3 id="m4">planIT.tests.JupiterTests#successsubmission</h3><table class="result"><tr><th>Messages</th></tr><tr><td><div class="messages">Running Second @test to check success submission<br/>Navigating to the Contact Menu<br/>Details for the user submitted</div></td></tr></table><p class="totop"><a href="#summary">back to summary</a></p></body></html>