<?xml version="1.0" encoding="UTF-8"?>
<!-- Generated by org.testng.reporters.JUnitXMLReporter -->
<testsuite hostname="EQPLSTDP10021" name="PlanIT_Tests" tests="4" failures="1" timestamp="23 May 2021 14:15:20 GMT" time="33.982" errors="0">
  <testcase name="mandatoryfieldserror" time="5.576" classname="planIT.tests.JupiterTests">
    <failure type="java.lang.AssertionError" message="expected [true] but found [false]">
      <![CDATA[java.lang.AssertionError: expected [true] but found [false]
	at planIT.pages.JupiterPages.validatecontact(JupiterPages.java:147)
	at planIT.tests.JupiterTests.mandatoryfieldserror(JupiterTests.java:56)
... Removed 28 stack frames]]>
    </failure>
  </testcase> <!-- mandatoryfieldserror -->
  <testcase name="successsubmission" time="2.499" classname="planIT.tests.JupiterTests"/>
  <testcase name="invaliddatavalidation" time="0.22" classname="planIT.tests.JupiterTests"/>
  <testcase name="cartvalidation" time="17.096" classname="planIT.tests.JupiterTests"/>
</testsuite> <!-- PlanIT_Tests -->
