<?xml version="1.0" encoding="UTF-8"?>
<!-- Generated by org.testng.reporters.JUnitXMLReporter -->
<testsuite hostname="EQPLSTDP10021" name="PlanIT_Tests" tests="4" failures="1" timestamp="23 May 2021 11:57:29 GMT" time="83.031" errors="0">
  <testcase name="mandatoryfieldserror" time="18.953" classname="planIT.tests.JupiterTests"/>
  <testcase name="successsubmission" time="6.703" classname="planIT.tests.JupiterTests"/>
  <testcase name="invaliddatavalidation" time="5.158" classname="planIT.tests.JupiterTests"/>
  <testcase name="cartvalidation" time="37.964" classname="planIT.tests.JupiterTests">
    <failure type="java.lang.AssertionError" message="expected [true] but found [false]">
      <![CDATA[java.lang.AssertionError: expected [true] but found [false]
	at planIT.pages.JupiterPages.validatecart(JupiterPages.java:198)
	at planIT.tests.JupiterTests.cartvalidation(JupiterTests.java:128)
... Removed 28 stack frames]]>
    </failure>
  </testcase> <!-- cartvalidation -->
</testsuite> <!-- PlanIT_Tests -->
